<?xml version="1.0" encoding="UTF-8"?>
<!-- Generated by org.testng.reporters.JUnitXMLReporter -->
<testsuite ignored="0" hostname="LIN30000277" failures="0" tests="9" name="Default test" time="253.277" errors="0" timestamp="2022-08-13T14:10:49 IST">
  <testcase classname="Zoom.legalzoom" name="@AfterClass CloseBrowser" time="0.001">
    <failure type="java.lang.IllegalMonitorStateException" message="current thread is not owner">
      <![CDATA[java.lang.IllegalMonitorStateException: current thread is not owner
at java.base/java.lang.Object.wait(Native Method)
at Zoom.legalzoom.CloseBrowser(legalzoom.java:58)
at java.base/jdk.internal.reflect.DirectMethodHandleAccessor.invoke(DirectMethodHandleAccessor.java:104)
at java.base/java.lang.reflect.Method.invoke(Method.java:577)
at org.testng.internal.MethodInvocationHelper.invokeMethod(MethodInvocationHelper.java:133)
at org.testng.internal.MethodInvocationHelper.invokeMethodConsideringTimeout(MethodInvocationHelper.java:62)
at org.testng.internal.ConfigInvoker.invokeConfigurationMethod(ConfigInvoker.java:385)
at org.testng.internal.ConfigInvoker.invokeConfigurations(ConfigInvoker.java:321)
at org.testng.internal.TestMethodWorker.invokeAfterClassMethods(TestMethodWorker.java:217)
at org.testng.internal.TestMethodWorker.run(TestMethodWorker.java:130)
at java.base/java.util.ArrayList.forEach(ArrayList.java:1511)
at org.testng.TestRunner.privateRun(TestRunner.java:794)
at org.testng.TestRunner.run(TestRunner.java:596)
at org.testng.SuiteRunner.runTest(SuiteRunner.java:377)
at org.testng.SuiteRunner.runSequentially(SuiteRunner.java:371)
at org.testng.SuiteRunner.privateRun(SuiteRunner.java:332)
at org.testng.SuiteRunner.run(SuiteRunner.java:276)
at org.testng.SuiteRunnerWorker.runSuite(SuiteRunnerWorker.java:53)
at org.testng.SuiteRunnerWorker.run(SuiteRunnerWorker.java:96)
at org.testng.TestNG.runSuitesSequentially(TestNG.java:1212)
at org.testng.TestNG.runSuitesLocally(TestNG.java:1134)
at org.testng.TestNG.runSuites(TestNG.java:1063)
at org.testng.TestNG.run(TestNG.java:1031)
at org.testng.remote.AbstractRemoteTestNG.run(AbstractRemoteTestNG.java:115)
at org.testng.remote.RemoteTestNG.initAndRun(RemoteTestNG.java:251)
at org.testng.remote.RemoteTestNG.main(RemoteTestNG.java:77)
]]>
    </failure>
  </testcase> <!-- @AfterClass CloseBrowser -->
  <testcase classname="Zoom.legalzoom" name="VerifyTitleOfPage" time="0.019"/>
  <testcase classname="Zoom.legalzoom" name="FindPersonalButton" time="22.143"/>
  <testcase classname="Zoom.legalzoom" name="ClickonPersonalInfo" time="4.135"/>
  <testcase classname="Zoom.legalzoom" name="FillPropertyInfo" time="4.992"/>
  <testcase classname="Zoom.legalzoom" name="TellAboutYourself" time="24.47"/>
  <testcase classname="Zoom.legalzoom" name="PropertyCheckBoxes" time="109.958"/>
  <testcase classname="Zoom.legalzoom" name="PlanningOptions" time="33.528"/>
  <testcase classname="Zoom.legalzoom" name="SecureCheackOut" time="29.136"/>
  <testcase classname="Zoom.legalzoom" name="PayemetnInformation" time="16.468"/>
</testsuite> <!-- Default test -->
